<?xml version="1.0" encoding="UTF-8"?>
<!-- Generated by org.testng.reporters.JUnitXMLReporter -->
<testsuite ignored="1" hostname="DESKTOP-L5S1NA7" failures="1" tests="2" name="Test" time="35.401" errors="0" timestamp="2022-09-13T07:58:50 BDT">
  <testcase classname="loginFunctionality.TC001ValidCredentials" name="Input_Into_Valid_Credentials" time="9.088"/>
  <testcase classname="loginFunctionality.RC002InvalidCredentials" name="Login_Into_Invalid_Credentials" time="0.001">
    <failure type="java.lang.NullPointerException" message="Cannot invoke &amp;quot;org.openqa.selenium.WebDriver.findElement(org.openqa.selenium.By)&amp;quot; because &amp;quot;this.driver&amp;quot; is null">
      <![CDATA[java.lang.NullPointerException: Cannot invoke "org.openqa.selenium.WebDriver.findElement(org.openqa.selenium.By)" because "this.driver" is null
at loginFunctionality.RC002InvalidCredentials.Login_Into_Invalid_Credentials(RC002InvalidCredentials.java:17)
at java.base/java.util.ArrayList.forEach(ArrayList.java:1511)
... Removed 27 stack frames]]>
    </failure>
  </testcase> <!-- Login_Into_Invalid_Credentials -->
  <testcase classname="loginFunctionality.Utility" name="@BeforeTest setup" time="0.0">
    <ignored/>
  </testcase> <!-- @BeforeTest setup -->
</testsuite> <!-- Test -->
